<?xml version="1.0" encoding="UTF-8"?>
<testng-results total="2" passed="2" failed="0" skipped="0">
  <reporter-output>
  </reporter-output>
  <suite started-at="2018-05-31T12:26:37Z" name="com.test.AppTest" finished-at="2018-05-31T12:26:41Z" duration-ms="3323">
    <groups>
    </groups>
    <test started-at="2018-05-31T12:26:37Z" name="Command line test" finished-at="2018-05-31T12:26:41Z" duration-ms="3323">
      <class name="com.test.AppTest">
        <test-method is-config="true" signature="beforeSuite()[pri:0, instance:com.test.AppTest@65d6b83b]" started-at="2018-05-31T17:56:33Z" name="beforeSuite" finished-at="2018-05-31T17:56:37Z" duration-ms="4129" status="PASS">
          <reporter-output>
          </reporter-output>
        </test-method> <!-- beforeSuite -->
        <test-method signature="TestLabel()[pri:0, instance:com.test.AppTest@65d6b83b]" started-at="2018-05-31T17:56:37Z" name="TestLabel" finished-at="2018-05-31T17:56:39Z" duration-ms="2163" status="PASS">
          <reporter-output>
          </reporter-output>
        </test-method> <!-- TestLabel -->
        <test-method is-config="true" signature="afterMethod(org.testng.ITestResult)[pri:0, instance:com.test.AppTest@65d6b83b]" started-at="2018-05-31T17:56:39Z" name="afterMethod" finished-at="2018-05-31T17:56:39Z" duration-ms="3" status="PASS">
          <params>
            <param index="0">
              <value>
                <![CDATA[[TestResult name=TestLabel status=SUCCESS method=AppTest.TestLabel()[pri:0, instance:com.test.AppTest@65d6b83b] output={null}]]]>
              </value>
            </param>
          </params>
          <reporter-output>
          </reporter-output>
        </test-method> <!-- afterMethod -->
        <test-method signature="testImageUpload()[pri:0, instance:com.test.AppTest@65d6b83b]" started-at="2018-05-31T17:56:39Z" name="testImageUpload" finished-at="2018-05-31T17:56:41Z" duration-ms="1145" status="PASS">
          <reporter-output>
          </reporter-output>
        </test-method> <!-- testImageUpload -->
        <test-method is-config="true" signature="afterMethod(org.testng.ITestResult)[pri:0, instance:com.test.AppTest@65d6b83b]" started-at="2018-05-31T17:56:41Z" name="afterMethod" finished-at="2018-05-31T17:56:41Z" duration-ms="0" status="PASS">
          <params>
            <param index="0">
              <value>
                <![CDATA[[TestResult name=testImageUpload status=SUCCESS method=AppTest.testImageUpload()[pri:0, instance:com.test.AppTest@65d6b83b] output={null}]]]>
              </value>
            </param>
          </params>
          <reporter-output>
          </reporter-output>
        </test-method> <!-- afterMethod -->
        <test-method is-config="true" signature="afterSuite()[pri:0, instance:com.test.AppTest@65d6b83b]" started-at="2018-05-31T17:56:41Z" name="afterSuite" finished-at="2018-05-31T17:56:42Z" duration-ms="1098" status="PASS">
          <reporter-output>
          </reporter-output>
        </test-method> <!-- afterSuite -->
      </class> <!-- com.test.AppTest -->
    </test> <!-- Command line test -->
  </suite> <!-- com.test.AppTest -->
</testng-results>
