<?xml version="1.0" encoding="UTF-8"?>
<testng-results skipped="0" failed="0" total="1" passed="1">
  <reporter-output>
  </reporter-output>
  <suite name="Default suite" duration-ms="1931" started-at="2018-05-31T11:58:17Z" finished-at="2018-05-31T11:58:19Z">
    <groups>
    </groups>
    <test name="Default test" duration-ms="1931" started-at="2018-05-31T11:58:17Z" finished-at="2018-05-31T11:58:19Z">
      <class name="com.test.AppTest">
        <test-method status="PASS" signature="beforeSuite()[pri:0, instance:com.test.AppTest@26be92ad]" name="beforeSuite" is-config="true" duration-ms="3462" started-at="2018-05-31T17:28:13Z" finished-at="2018-05-31T17:28:17Z">
          <reporter-output>
          </reporter-output>
        </test-method> <!-- beforeSuite -->
        <test-method status="PASS" signature="testImageUpload()[pri:0, instance:com.test.AppTest@26be92ad]" name="testImageUpload" duration-ms="1909" started-at="2018-05-31T17:28:17Z" finished-at="2018-05-31T17:28:19Z">
          <reporter-output>
          </reporter-output>
        </test-method> <!-- testImageUpload -->
        <test-method status="PASS" signature="afterMethod(org.testng.ITestResult)[pri:0, instance:com.test.AppTest@26be92ad]" name="afterMethod" is-config="true" duration-ms="5" started-at="2018-05-31T17:28:19Z" finished-at="2018-05-31T17:28:19Z">
          <params>
            <param index="0">
              <value>
                <![CDATA[[TestResult name=testImageUpload status=SUCCESS method=AppTest.testImageUpload()[pri:0, instance:com.test.AppTest@26be92ad] output={null}]]]>
              </value>
            </param>
          </params>
          <reporter-output>
          </reporter-output>
        </test-method> <!-- afterMethod -->
        <test-method status="PASS" signature="afterSuite()[pri:0, instance:com.test.AppTest@26be92ad]" name="afterSuite" is-config="true" duration-ms="455" started-at="2018-05-31T17:28:19Z" finished-at="2018-05-31T17:28:19Z">
          <reporter-output>
          </reporter-output>
        </test-method> <!-- afterSuite -->
      </class> <!-- com.test.AppTest -->
    </test> <!-- Default test -->
  </suite> <!-- Default suite -->
</testng-results>
